<?xml version="1.0" encoding="UTF-8"?>
<!-- Generated by org.testng.reporters.JUnitReportReporter -->
<testsuite hostname="LAPTOP-H7R7DK85" failures="0" tests="1" name="distributedParallelExecution.FirstTest" time="0.006" errors="0" timestamp="2022-11-11T20:58:59 IST" skipped="0">
  <testcase classname="distributedParallelExecution.FirstTest" name="firstTest" time="0.006"/>
  <system-out>
    <![CDATA[Test 1]]>
  </system-out>
</testsuite> <!-- distributedParallelExecution.FirstTest -->
