<?xml version="1.0" encoding="UTF-8"?>
<!-- Generated by org.testng.reporters.JUnitReportReporter -->
<testsuite hostname="LAPTOP-H7R7DK85" failures="0" tests="2" name="testNG.FacebookScriptUsingAnnotations" time="32.776" errors="0" timestamp="2022-11-10T20:41:35 IST" skipped="0">
  <testcase classname="testNG.FacebookScriptUsingAnnotations" name="forgottenPasswordTest" time="20.772"/>
  <system-out/>
  <testcase classname="testNG.FacebookScriptUsingAnnotations" name="createAPageTest" time="12.004"/>
  <system-out/>
</testsuite> <!-- testNG.FacebookScriptUsingAnnotations -->
