<?xml version="1.0" encoding="UTF-8"?>
<!-- Generated by org.testng.reporters.JUnitReportReporter -->
<testsuite hostname="LAPTOP-H7R7DK85" failures="0" tests="1" name="distributedParallelExecution.FourthTest" time="0.020" errors="0" timestamp="2022-11-11T20:58:59 IST" skipped="0">
  <testcase classname="distributedParallelExecution.FourthTest" name="fourthTest" time="0.020"/>
  <system-out>
    <![CDATA[Test 4]]>
  </system-out>
</testsuite> <!-- distributedParallelExecution.FourthTest -->
