<?xml version="1.0" encoding="UTF-8"?>
<!-- Generated by org.testng.reporters.JUnitReportReporter -->
<testsuite hostname="LAPTOP-H7R7DK85" failures="0" tests="1" name="distributedParallelExecution.FifthTest" time="0.021" errors="0" timestamp="2022-11-11T20:58:59 IST" skipped="0">
  <testcase classname="distributedParallelExecution.FifthTest" name="fifthTest" time="0.021"/>
  <system-out>
    <![CDATA[Test 5]]>
  </system-out>
</testsuite> <!-- distributedParallelExecution.FifthTest -->
