<?xml version="1.0" encoding="UTF-8"?>
<!-- Generated by org.testng.reporters.JUnitReportReporter -->
<testsuite hostname="LAPTOP-H7R7DK85" failures="0" tests="6" name="testNG.InvocationCountPractice" time="0.063" errors="0" timestamp="2022-11-10T19:33:48 IST" skipped="0">
  <testcase classname="testNG.InvocationCountPractice" name="demo3" time="0.015"/>
  <system-out>
    <![CDATA[Demo3 test]]>
  </system-out>
  <testcase classname="testNG.InvocationCountPractice" name="demo3" time="0.014"/>
  <system-out>
    <![CDATA[Demo3 test]]>
  </system-out>
  <testcase classname="testNG.InvocationCountPractice" name="demo3" time="0.017"/>
  <system-out>
    <![CDATA[Demo3 test]]>
  </system-out>
  <testcase classname="testNG.InvocationCountPractice" name="demo1" time="0.002"/>
  <system-out>
    <![CDATA[Demo1 test]]>
  </system-out>
  <testcase classname="testNG.InvocationCountPractice" name="demo1" time="0.013"/>
  <system-out>
    <![CDATA[Demo1 test]]>
  </system-out>
  <testcase classname="testNG.InvocationCountPractice" name="demo1" time="0.002"/>
  <system-out>
    <![CDATA[Demo1 test]]>
  </system-out>
</testsuite> <!-- testNG.InvocationCountPractice -->
