<?xml version="1.0" encoding="UTF-8"?>
<!-- Generated by org.testng.reporters.JUnitReportReporter -->
<testsuite hostname="LAPTOP-H7R7DK85" failures="0" tests="1" name="testNGBatchExecution.SecondTest" time="0.001" errors="0" timestamp="2022-11-11T19:34:14 IST" skipped="0">
  <testcase classname="testNGBatchExecution.SecondTest" name="secondTest" time="0.001"/>
  <system-out>
    <![CDATA[Test 2]]>
  </system-out>
</testsuite> <!-- testNGBatchExecution.SecondTest -->
