<?xml version="1.0" encoding="UTF-8"?>
<!-- Generated by org.testng.reporters.JUnitReportReporter -->
<testsuite hostname="LAPTOP-H7R7DK85" failures="0" tests="1" name="distributedParallelExecution.ThirdTest" time="0.016" errors="0" timestamp="2022-11-11T20:58:59 IST" skipped="0">
  <testcase classname="distributedParallelExecution.ThirdTest" name="thirdTest" time="0.016"/>
  <system-out>
    <![CDATA[Test 3]]>
  </system-out>
</testsuite> <!-- distributedParallelExecution.ThirdTest -->
