<?xml version="1.0" encoding="UTF-8"?>
<!-- Generated by org.testng.reporters.JUnitReportReporter -->
<testsuite hostname="LAPTOP-H7R7DK85" failures="0" tests="5" name="testNG.PriorityPractice" time="0.035" errors="0" timestamp="2022-11-09T20:49:57 IST" skipped="0">
  <testcase classname="testNG.PriorityPractice" name="fifthTest" time="0.019"/>
  <system-out>
    <![CDATA[Fifth test]]>
  </system-out>
  <testcase classname="testNG.PriorityPractice" name="thirdTest" time="0.005"/>
  <system-out>
    <![CDATA[Third test]]>
  </system-out>
  <testcase classname="testNG.PriorityPractice" name="firstTest" time="0.002"/>
  <system-out>
    <![CDATA[First test]]>
  </system-out>
  <testcase classname="testNG.PriorityPractice" name="secondTest" time="0.003"/>
  <system-out>
    <![CDATA[Second test]]>
  </system-out>
  <testcase classname="testNG.PriorityPractice" name="fourthTest" time="0.006"/>
  <system-out>
    <![CDATA[Fourth test]]>
  </system-out>
</testsuite> <!-- testNG.PriorityPractice -->
