<?xml version="1.0" encoding="UTF-8"?>
<!-- Generated by org.testng.reporters.JUnitReportReporter -->
<testsuite hostname="LAPTOP-H7R7DK85" failures="0" tests="1" name="testNGBatchExecution.ThirdTest" time="0.002" errors="0" timestamp="2022-11-11T19:34:14 IST" skipped="0">
  <testcase classname="testNGBatchExecution.ThirdTest" name="thirdTest" time="0.002"/>
  <system-out>
    <![CDATA[Test 3]]>
  </system-out>
</testsuite> <!-- testNGBatchExecution.ThirdTest -->
