<?xml version="1.0" encoding="UTF-8"?>
<!-- Generated by org.testng.reporters.JUnitReportReporter -->
<testsuite hostname="LAPTOP-H7R7DK85" failures="0" tests="1" name="testNG.FirstTest" time="0.019" errors="0" timestamp="2022-11-09T20:31:27 IST" skipped="0">
  <testcase classname="testNG.FirstTest" name="firstTest" time="0.019"/>
  <system-out>
    <![CDATA[First test]]>
  </system-out>
</testsuite> <!-- testNG.FirstTest -->
