<?xml version="1.0" encoding="UTF-8"?>
<!-- Generated by org.testng.reporters.JUnitReportReporter -->
<testsuite hostname="LAPTOP-H7R7DK85" failures="0" tests="3" name="crossBrowserParallelExecution.FirstTest" time="70.068" errors="0" timestamp="2022-11-12T20:11:26 IST" skipped="0">
  <testcase classname="crossBrowserParallelExecution.FirstTest" name="demoTest" time="19.285"/>
  <system-out/>
  <testcase classname="crossBrowserParallelExecution.FirstTest" name="demoTest" time="38.747"/>
  <system-out/>
  <testcase classname="crossBrowserParallelExecution.FirstTest" name="demoTest" time="12.036"/>
  <system-out/>
</testsuite> <!-- crossBrowserParallelExecution.FirstTest -->
