<?xml version="1.0" encoding="UTF-8"?>
<!-- Generated by org.testng.reporters.JUnitReportReporter -->
<testsuite hostname="LAPTOP-H7R7DK85" failures="0" tests="5" name="testNG.SamePriorityObservation" time="0.025" errors="0" timestamp="2022-11-09T20:54:16 IST" skipped="0">
  <testcase classname="testNG.SamePriorityObservation" name="thirdTest" time="0.002"/>
  <system-out>
    <![CDATA[Third test]]>
  </system-out>
  <testcase classname="testNG.SamePriorityObservation" name="fifthTest" time="0.001"/>
  <system-out>
    <![CDATA[Fifth test]]>
  </system-out>
  <testcase classname="testNG.SamePriorityObservation" name="secondTest" time="0.004"/>
  <system-out>
    <![CDATA[Second test]]>
  </system-out>
  <testcase classname="testNG.SamePriorityObservation" name="firstTest" time="0.004"/>
  <system-out>
    <![CDATA[First test]]>
  </system-out>
  <testcase classname="testNG.SamePriorityObservation" name="FourthTest" time="0.014"/>
  <system-out>
    <![CDATA[Fourth test]]>
  </system-out>
</testsuite> <!-- testNG.SamePriorityObservation -->
