<?xml version="1.0" encoding="UTF-8"?>
<!-- Generated by org.testng.reporters.JUnitReportReporter -->
<testsuite hostname="LAPTOP-H7R7DK85" failures="0" tests="1" name="testNG.AnnotationsPractice" time="0.011" errors="0" timestamp="2022-11-10T20:13:26 IST" skipped="0">
  <testcase classname="testNG.AnnotationsPractice" name="test" time="0.011"/>
  <system-out/>
</testsuite> <!-- testNG.AnnotationsPractice -->
