<?xml version="1.0" encoding="UTF-8"?>
<!-- Generated by org.testng.reporters.JUnitReportReporter -->
<testsuite hostname="LAPTOP-H7R7DK85" failures="0" tests="3" name="crossBrowserParallelExecution.FirstTest" time="71.558" errors="0" timestamp="2022-11-14T19:54:49 IST" skipped="0">
  <testcase classname="crossBrowserParallelExecution.FirstTest" name="demoTest" time="38.288"/>
  <system-out/>
  <testcase classname="crossBrowserParallelExecution.FirstTest" name="demoTest" time="21.518"/>
  <system-out/>
  <testcase classname="crossBrowserParallelExecution.FirstTest" name="demoTest" time="11.752"/>
  <system-out/>
</testsuite> <!-- crossBrowserParallelExecution.FirstTest -->
