<?xml version="1.0" encoding="UTF-8"?>
<!-- Generated by org.testng.reporters.JUnitReportReporter -->
<testsuite hostname="LAPTOP-H7R7DK85" failures="0" tests="1" name="testNGBatchExecution.FirstTest" time="0.012" errors="0" timestamp="2022-11-11T19:34:14 IST" skipped="0">
  <testcase classname="testNGBatchExecution.FirstTest" name="firstTest" time="0.012"/>
  <system-out>
    <![CDATA[Test 1]]>
  </system-out>
</testsuite> <!-- testNGBatchExecution.FirstTest -->
