<?xml version="1.0" encoding="UTF-8"?>
<!-- Generated by org.testng.reporters.JUnitReportReporter -->
<testsuite hostname="LAPTOP-H7R7DK85" failures="0" tests="1" name="distributedParallelExecution.SixthTest" time="0.004" errors="0" timestamp="2022-11-11T20:58:59 IST" skipped="0">
  <testcase classname="distributedParallelExecution.SixthTest" name="sixthTest" time="0.004"/>
  <system-out>
    <![CDATA[Test 6]]>
  </system-out>
</testsuite> <!-- distributedParallelExecution.SixthTest -->
